<?xml version="1.0" encoding="UTF-8"?>
<testng-results ignored="0" total="3" passed="3" failed="0" skipped="0">
  <reporter-output>
  </reporter-output>
  <suite started-at="2024-07-08T14:50:46 IST" name="Default suite" finished-at="2024-07-08T14:50:50 IST" duration-ms="4196">
    <groups>
    </groups>
    <test started-at="2024-07-08T14:50:46 IST" name="Default test" finished-at="2024-07-08T14:50:50 IST" duration-ms="4196">
      <class name="RESTAssuredAutomation.RESTAssuredAutomation.PutExamples">
        <test-method signature="testDelete()[pri:0, instance:RESTAssuredAutomation.RESTAssuredAutomation.PutExamples@59309333]" started-at="2024-07-08T14:50:46 IST" name="testDelete" finished-at="2024-07-08T14:50:49 IST" duration-ms="3004" status="PASS">
          <reporter-output>
          </reporter-output>
        </test-method> <!-- testDelete -->
        <test-method signature="testPatch()[pri:0, instance:RESTAssuredAutomation.RESTAssuredAutomation.PutExamples@59309333]" started-at="2024-07-08T14:50:49 IST" name="testPatch" finished-at="2024-07-08T14:50:50 IST" duration-ms="569" status="PASS">
          <reporter-output>
          </reporter-output>
        </test-method> <!-- testPatch -->
        <test-method signature="testPut()[pri:0, instance:RESTAssuredAutomation.RESTAssuredAutomation.PutExamples@59309333]" started-at="2024-07-08T14:50:50 IST" name="testPut" finished-at="2024-07-08T14:50:50 IST" duration-ms="569" status="PASS">
          <reporter-output>
          </reporter-output>
        </test-method> <!-- testPut -->
      </class> <!-- RESTAssuredAutomation.RESTAssuredAutomation.PutExamples -->
    </test> <!-- Default test -->
  </suite> <!-- Default suite -->
</testng-results>
